[2021-06-21 16:44:28.8901] [ERROR] Ошибка пользователя с ID 305613360
[2021-06-21 16:44:28.9120] [ERROR] System.Exception: Значение не может быть неопределенным.
Имя параметра: bytes ---> System.Exception: Значение не может быть неопределенным.
Имя параметра: bytes ---> System.Exception: Значение не может быть неопределенным.
Имя параметра: bytes ---> System.ArgumentNullException: Значение не может быть неопределенным.
Имя параметра: bytes
   в System.IO.File.WriteAllBytes(String path, Byte[] bytes)
   в porulyu.BotSender.Services.OperationsKolesa.GetPhotos(List`1 Links, String Id, Int64 ChatId) в C:\Users\thedr\Desktop\Works\StartUps\porulyu\porulyu.BotSender\Services\OperationsKolesa.cs:строка 327
   --- Конец трассировки внутреннего стека исключений ---
   в porulyu.BotSender.Services.OperationsKolesa.GetPhotos(List`1 Links, String Id, Int64 ChatId) в C:\Users\thedr\Desktop\Works\StartUps\porulyu\porulyu.BotSender\Services\OperationsKolesa.cs:строка 336
   в porulyu.BotSender.Services.OperationsKolesa.GetDataAd(String link, Int64 ChatId) в C:\Users\thedr\Desktop\Works\StartUps\porulyu\porulyu.BotSender\Services\OperationsKolesa.cs:строка 277
   --- Конец трассировки внутреннего стека исключений ---
   в porulyu.BotSender.Services.OperationsKolesa.GetDataAd(String link, Int64 ChatId) в C:\Users\thedr\Desktop\Works\StartUps\porulyu\porulyu.BotSender\Services\OperationsKolesa.cs:строка 304
   в porulyu.BotSender.Services.OperationsKolesa.GetNewAds(Filter filter, Ad lastAd, Int64 ChatId) в C:\Users\thedr\Desktop\Works\StartUps\porulyu\porulyu.BotSender\Services\OperationsKolesa.cs:строка 147
   --- Конец трассировки внутреннего стека исключений ---
   в porulyu.BotSender.Services.OperationsKolesa.GetNewAds(Filter filter, Ad lastAd, Int64 ChatId) в C:\Users\thedr\Desktop\Works\StartUps\porulyu\porulyu.BotSender\Services\OperationsKolesa.cs:строка 160
   в porulyu.BotSender.Services.Tasker.<Timer_Elapsed>d__14.MoveNext() в C:\Users\thedr\Desktop\Works\StartUps\porulyu\porulyu.BotSender\Services\Tasker.cs:строка 96
[2021-06-21 16:49:30.2693] [ERROR] Ошибка пользователя с ID 305613360
[2021-06-21 16:49:30.2693] [ERROR] System.Exception: Значение не может быть неопределенным.
Имя параметра: bytes ---> System.Exception: Значение не может быть неопределенным.
Имя параметра: bytes ---> System.Exception: Значение не может быть неопределенным.
Имя параметра: bytes ---> System.ArgumentNullException: Значение не может быть неопределенным.
Имя параметра: bytes
   в System.IO.File.WriteAllBytes(String path, Byte[] bytes)
   в porulyu.BotSender.Services.OperationsKolesa.GetPhotos(List`1 Links, String Id, Int64 ChatId) в C:\Users\thedr\Desktop\Works\StartUps\porulyu\porulyu.BotSender\Services\OperationsKolesa.cs:строка 327
   --- Конец трассировки внутреннего стека исключений ---
   в porulyu.BotSender.Services.OperationsKolesa.GetPhotos(List`1 Links, String Id, Int64 ChatId) в C:\Users\thedr\Desktop\Works\StartUps\porulyu\porulyu.BotSender\Services\OperationsKolesa.cs:строка 336
   в porulyu.BotSender.Services.OperationsKolesa.GetDataAd(String link, Int64 ChatId) в C:\Users\thedr\Desktop\Works\StartUps\porulyu\porulyu.BotSender\Services\OperationsKolesa.cs:строка 277
   --- Конец трассировки внутреннего стека исключений ---
   в porulyu.BotSender.Services.OperationsKolesa.GetDataAd(String link, Int64 ChatId) в C:\Users\thedr\Desktop\Works\StartUps\porulyu\porulyu.BotSender\Services\OperationsKolesa.cs:строка 304
   в porulyu.BotSender.Services.OperationsKolesa.GetNewAds(Filter filter, Ad lastAd, Int64 ChatId) в C:\Users\thedr\Desktop\Works\StartUps\porulyu\porulyu.BotSender\Services\OperationsKolesa.cs:строка 147
   --- Конец трассировки внутреннего стека исключений ---
   в porulyu.BotSender.Services.OperationsKolesa.GetNewAds(Filter filter, Ad lastAd, Int64 ChatId) в C:\Users\thedr\Desktop\Works\StartUps\porulyu\porulyu.BotSender\Services\OperationsKolesa.cs:строка 160
   в porulyu.BotSender.Services.Tasker.<Timer_Elapsed>d__14.MoveNext() в C:\Users\thedr\Desktop\Works\StartUps\porulyu\porulyu.BotSender\Services\Tasker.cs:строка 96
[2021-06-21 16:54:12.3762] [ERROR] Ошибка пользователя с ID 305613360
[2021-06-21 16:54:12.3762] [ERROR] System.Exception: Значение не может быть неопределенным.
Имя параметра: bytes ---> System.Exception: Значение не может быть неопределенным.
Имя параметра: bytes ---> System.Exception: Значение не может быть неопределенным.
Имя параметра: bytes ---> System.ArgumentNullException: Значение не может быть неопределенным.
Имя параметра: bytes
   в System.IO.File.WriteAllBytes(String path, Byte[] bytes)
   в porulyu.BotSender.Services.OperationsKolesa.GetPhotos(List`1 Links, String Id, Int64 ChatId) в C:\Users\thedr\Desktop\Works\StartUps\porulyu\porulyu.BotSender\Services\OperationsKolesa.cs:строка 327
   --- Конец трассировки внутреннего стека исключений ---
   в porulyu.BotSender.Services.OperationsKolesa.GetPhotos(List`1 Links, String Id, Int64 ChatId) в C:\Users\thedr\Desktop\Works\StartUps\porulyu\porulyu.BotSender\Services\OperationsKolesa.cs:строка 336
   в porulyu.BotSender.Services.OperationsKolesa.GetDataAd(String link, Int64 ChatId) в C:\Users\thedr\Desktop\Works\StartUps\porulyu\porulyu.BotSender\Services\OperationsKolesa.cs:строка 277
   --- Конец трассировки внутреннего стека исключений ---
   в porulyu.BotSender.Services.OperationsKolesa.GetDataAd(String link, Int64 ChatId) в C:\Users\thedr\Desktop\Works\StartUps\porulyu\porulyu.BotSender\Services\OperationsKolesa.cs:строка 304
   в porulyu.BotSender.Services.OperationsKolesa.GetNewAds(Filter filter, Ad lastAd, Int64 ChatId) в C:\Users\thedr\Desktop\Works\StartUps\porulyu\porulyu.BotSender\Services\OperationsKolesa.cs:строка 147
   --- Конец трассировки внутреннего стека исключений ---
   в porulyu.BotSender.Services.OperationsKolesa.GetNewAds(Filter filter, Ad lastAd, Int64 ChatId) в C:\Users\thedr\Desktop\Works\StartUps\porulyu\porulyu.BotSender\Services\OperationsKolesa.cs:строка 160
   в porulyu.BotSender.Services.Tasker.<Timer_Elapsed>d__14.MoveNext() в C:\Users\thedr\Desktop\Works\StartUps\porulyu\porulyu.BotSender\Services\Tasker.cs:строка 96
[2021-06-21 16:58:52.9115] [ERROR] Ошибка пользователя с ID 305613360
[2021-06-21 16:58:52.9115] [ERROR] System.Exception: Значение не может быть неопределенным.
Имя параметра: bytes ---> System.Exception: Значение не может быть неопределенным.
Имя параметра: bytes ---> System.Exception: Значение не может быть неопределенным.
Имя параметра: bytes ---> System.ArgumentNullException: Значение не может быть неопределенным.
Имя параметра: bytes
   в System.IO.File.WriteAllBytes(String path, Byte[] bytes)
   в porulyu.BotSender.Services.OperationsKolesa.GetPhotos(List`1 Links, String Id, Int64 ChatId) в C:\Users\thedr\Desktop\Works\StartUps\porulyu\porulyu.BotSender\Services\OperationsKolesa.cs:строка 327
   --- Конец трассировки внутреннего стека исключений ---
   в porulyu.BotSender.Services.OperationsKolesa.GetPhotos(List`1 Links, String Id, Int64 ChatId) в C:\Users\thedr\Desktop\Works\StartUps\porulyu\porulyu.BotSender\Services\OperationsKolesa.cs:строка 336
   в porulyu.BotSender.Services.OperationsKolesa.GetDataAd(String link, Int64 ChatId) в C:\Users\thedr\Desktop\Works\StartUps\porulyu\porulyu.BotSender\Services\OperationsKolesa.cs:строка 277
   --- Конец трассировки внутреннего стека исключений ---
   в porulyu.BotSender.Services.OperationsKolesa.GetDataAd(String link, Int64 ChatId) в C:\Users\thedr\Desktop\Works\StartUps\porulyu\porulyu.BotSender\Services\OperationsKolesa.cs:строка 304
   в porulyu.BotSender.Services.OperationsKolesa.GetNewAds(Filter filter, Ad lastAd, Int64 ChatId) в C:\Users\thedr\Desktop\Works\StartUps\porulyu\porulyu.BotSender\Services\OperationsKolesa.cs:строка 147
   --- Конец трассировки внутреннего стека исключений ---
   в porulyu.BotSender.Services.OperationsKolesa.GetNewAds(Filter filter, Ad lastAd, Int64 ChatId) в C:\Users\thedr\Desktop\Works\StartUps\porulyu\porulyu.BotSender\Services\OperationsKolesa.cs:строка 160
   в porulyu.BotSender.Services.Tasker.<Timer_Elapsed>d__14.MoveNext() в C:\Users\thedr\Desktop\Works\StartUps\porulyu\porulyu.BotSender\Services\Tasker.cs:строка 96
[2021-06-21 17:03:32.6990] [ERROR] Ошибка пользователя с ID 305613360
[2021-06-21 17:03:32.6990] [ERROR] System.Exception: Значение не может быть неопределенным.
Имя параметра: bytes ---> System.Exception: Значение не может быть неопределенным.
Имя параметра: bytes ---> System.Exception: Значение не может быть неопределенным.
Имя параметра: bytes ---> System.ArgumentNullException: Значение не может быть неопределенным.
Имя параметра: bytes
   в System.IO.File.WriteAllBytes(String path, Byte[] bytes)
   в porulyu.BotSender.Services.OperationsKolesa.GetPhotos(List`1 Links, String Id, Int64 ChatId) в C:\Users\thedr\Desktop\Works\StartUps\porulyu\porulyu.BotSender\Services\OperationsKolesa.cs:строка 327
   --- Конец трассировки внутреннего стека исключений ---
   в porulyu.BotSender.Services.OperationsKolesa.GetPhotos(List`1 Links, String Id, Int64 ChatId) в C:\Users\thedr\Desktop\Works\StartUps\porulyu\porulyu.BotSender\Services\OperationsKolesa.cs:строка 336
   в porulyu.BotSender.Services.OperationsKolesa.GetDataAd(String link, Int64 ChatId) в C:\Users\thedr\Desktop\Works\StartUps\porulyu\porulyu.BotSender\Services\OperationsKolesa.cs:строка 277
   --- Конец трассировки внутреннего стека исключений ---
   в porulyu.BotSender.Services.OperationsKolesa.GetDataAd(String link, Int64 ChatId) в C:\Users\thedr\Desktop\Works\StartUps\porulyu\porulyu.BotSender\Services\OperationsKolesa.cs:строка 304
   в porulyu.BotSender.Services.OperationsKolesa.GetNewAds(Filter filter, Ad lastAd, Int64 ChatId) в C:\Users\thedr\Desktop\Works\StartUps\porulyu\porulyu.BotSender\Services\OperationsKolesa.cs:строка 147
   --- Конец трассировки внутреннего стека исключений ---
   в porulyu.BotSender.Services.OperationsKolesa.GetNewAds(Filter filter, Ad lastAd, Int64 ChatId) в C:\Users\thedr\Desktop\Works\StartUps\porulyu\porulyu.BotSender\Services\OperationsKolesa.cs:строка 160
   в porulyu.BotSender.Services.Tasker.<Timer_Elapsed>d__14.MoveNext() в C:\Users\thedr\Desktop\Works\StartUps\porulyu\porulyu.BotSender\Services\Tasker.cs:строка 96
[2021-06-21 17:08:12.3708] [ERROR] Ошибка пользователя с ID 305613360
[2021-06-21 17:08:12.3708] [ERROR] System.Exception: Значение не может быть неопределенным.
Имя параметра: bytes ---> System.Exception: Значение не может быть неопределенным.
Имя параметра: bytes ---> System.Exception: Значение не может быть неопределенным.
Имя параметра: bytes ---> System.ArgumentNullException: Значение не может быть неопределенным.
Имя параметра: bytes
   в System.IO.File.WriteAllBytes(String path, Byte[] bytes)
   в porulyu.BotSender.Services.OperationsKolesa.GetPhotos(List`1 Links, String Id, Int64 ChatId) в C:\Users\thedr\Desktop\Works\StartUps\porulyu\porulyu.BotSender\Services\OperationsKolesa.cs:строка 327
   --- Конец трассировки внутреннего стека исключений ---
   в porulyu.BotSender.Services.OperationsKolesa.GetPhotos(List`1 Links, String Id, Int64 ChatId) в C:\Users\thedr\Desktop\Works\StartUps\porulyu\porulyu.BotSender\Services\OperationsKolesa.cs:строка 336
   в porulyu.BotSender.Services.OperationsKolesa.GetDataAd(String link, Int64 ChatId) в C:\Users\thedr\Desktop\Works\StartUps\porulyu\porulyu.BotSender\Services\OperationsKolesa.cs:строка 277
   --- Конец трассировки внутреннего стека исключений ---
   в porulyu.BotSender.Services.OperationsKolesa.GetDataAd(String link, Int64 ChatId) в C:\Users\thedr\Desktop\Works\StartUps\porulyu\porulyu.BotSender\Services\OperationsKolesa.cs:строка 304
   в porulyu.BotSender.Services.OperationsKolesa.GetNewAds(Filter filter, Ad lastAd, Int64 ChatId) в C:\Users\thedr\Desktop\Works\StartUps\porulyu\porulyu.BotSender\Services\OperationsKolesa.cs:строка 147
   --- Конец трассировки внутреннего стека исключений ---
   в porulyu.BotSender.Services.OperationsKolesa.GetNewAds(Filter filter, Ad lastAd, Int64 ChatId) в C:\Users\thedr\Desktop\Works\StartUps\porulyu\porulyu.BotSender\Services\OperationsKolesa.cs:строка 160
   в porulyu.BotSender.Services.Tasker.<Timer_Elapsed>d__14.MoveNext() в C:\Users\thedr\Desktop\Works\StartUps\porulyu\porulyu.BotSender\Services\Tasker.cs:строка 96
[2021-06-21 17:12:52.7071] [ERROR] Ошибка пользователя с ID 305613360
[2021-06-21 17:12:52.7071] [ERROR] System.Exception: Значение не может быть неопределенным.
Имя параметра: bytes ---> System.Exception: Значение не может быть неопределенным.
Имя параметра: bytes ---> System.Exception: Значение не может быть неопределенным.
Имя параметра: bytes ---> System.ArgumentNullException: Значение не может быть неопределенным.
Имя параметра: bytes
   в System.IO.File.WriteAllBytes(String path, Byte[] bytes)
   в porulyu.BotSender.Services.OperationsKolesa.GetPhotos(List`1 Links, String Id, Int64 ChatId) в C:\Users\thedr\Desktop\Works\StartUps\porulyu\porulyu.BotSender\Services\OperationsKolesa.cs:строка 327
   --- Конец трассировки внутреннего стека исключений ---
   в porulyu.BotSender.Services.OperationsKolesa.GetPhotos(List`1 Links, String Id, Int64 ChatId) в C:\Users\thedr\Desktop\Works\StartUps\porulyu\porulyu.BotSender\Services\OperationsKolesa.cs:строка 336
   в porulyu.BotSender.Services.OperationsKolesa.GetDataAd(String link, Int64 ChatId) в C:\Users\thedr\Desktop\Works\StartUps\porulyu\porulyu.BotSender\Services\OperationsKolesa.cs:строка 277
   --- Конец трассировки внутреннего стека исключений ---
   в porulyu.BotSender.Services.OperationsKolesa.GetDataAd(String link, Int64 ChatId) в C:\Users\thedr\Desktop\Works\StartUps\porulyu\porulyu.BotSender\Services\OperationsKolesa.cs:строка 304
   в porulyu.BotSender.Services.OperationsKolesa.GetNewAds(Filter filter, Ad lastAd, Int64 ChatId) в C:\Users\thedr\Desktop\Works\StartUps\porulyu\porulyu.BotSender\Services\OperationsKolesa.cs:строка 147
   --- Конец трассировки внутреннего стека исключений ---
   в porulyu.BotSender.Services.OperationsKolesa.GetNewAds(Filter filter, Ad lastAd, Int64 ChatId) в C:\Users\thedr\Desktop\Works\StartUps\porulyu\porulyu.BotSender\Services\OperationsKolesa.cs:строка 160
   в porulyu.BotSender.Services.Tasker.<Timer_Elapsed>d__14.MoveNext() в C:\Users\thedr\Desktop\Works\StartUps\porulyu\porulyu.BotSender\Services\Tasker.cs:строка 96
[2021-06-21 17:17:32.9275] [ERROR] Ошибка пользователя с ID 305613360
[2021-06-21 17:17:32.9275] [ERROR] System.Exception: Значение не может быть неопределенным.
Имя параметра: bytes ---> System.Exception: Значение не может быть неопределенным.
Имя параметра: bytes ---> System.Exception: Значение не может быть неопределенным.
Имя параметра: bytes ---> System.ArgumentNullException: Значение не может быть неопределенным.
Имя параметра: bytes
   в System.IO.File.WriteAllBytes(String path, Byte[] bytes)
   в porulyu.BotSender.Services.OperationsKolesa.GetPhotos(List`1 Links, String Id, Int64 ChatId) в C:\Users\thedr\Desktop\Works\StartUps\porulyu\porulyu.BotSender\Services\OperationsKolesa.cs:строка 327
   --- Конец трассировки внутреннего стека исключений ---
   в porulyu.BotSender.Services.OperationsKolesa.GetPhotos(List`1 Links, String Id, Int64 ChatId) в C:\Users\thedr\Desktop\Works\StartUps\porulyu\porulyu.BotSender\Services\OperationsKolesa.cs:строка 336
   в porulyu.BotSender.Services.OperationsKolesa.GetDataAd(String link, Int64 ChatId) в C:\Users\thedr\Desktop\Works\StartUps\porulyu\porulyu.BotSender\Services\OperationsKolesa.cs:строка 277
   --- Конец трассировки внутреннего стека исключений ---
   в porulyu.BotSender.Services.OperationsKolesa.GetDataAd(String link, Int64 ChatId) в C:\Users\thedr\Desktop\Works\StartUps\porulyu\porulyu.BotSender\Services\OperationsKolesa.cs:строка 304
   в porulyu.BotSender.Services.OperationsKolesa.GetNewAds(Filter filter, Ad lastAd, Int64 ChatId) в C:\Users\thedr\Desktop\Works\StartUps\porulyu\porulyu.BotSender\Services\OperationsKolesa.cs:строка 147
   --- Конец трассировки внутреннего стека исключений ---
   в porulyu.BotSender.Services.OperationsKolesa.GetNewAds(Filter filter, Ad lastAd, Int64 ChatId) в C:\Users\thedr\Desktop\Works\StartUps\porulyu\porulyu.BotSender\Services\OperationsKolesa.cs:строка 160
   в porulyu.BotSender.Services.Tasker.<Timer_Elapsed>d__14.MoveNext() в C:\Users\thedr\Desktop\Works\StartUps\porulyu\porulyu.BotSender\Services\Tasker.cs:строка 96
[2021-06-21 17:27:27.1149] [ERROR] Ошибка пользователя с ID 305613360
[2021-06-21 17:27:27.1149] [ERROR] System.Exception: Значение не может быть неопределенным.
Имя параметра: bytes ---> System.Exception: Значение не может быть неопределенным.
Имя параметра: bytes ---> System.Exception: Значение не может быть неопределенным.
Имя параметра: bytes ---> System.ArgumentNullException: Значение не может быть неопределенным.
Имя параметра: bytes
   в System.IO.File.WriteAllBytes(String path, Byte[] bytes)
   в porulyu.BotSender.Services.OperationsKolesa.GetPhotos(List`1 Links, String Id, Int64 ChatId) в C:\Users\thedr\Desktop\Works\StartUps\porulyu\porulyu.BotSender\Services\OperationsKolesa.cs:строка 327
   --- Конец трассировки внутреннего стека исключений ---
   в porulyu.BotSender.Services.OperationsKolesa.GetPhotos(List`1 Links, String Id, Int64 ChatId) в C:\Users\thedr\Desktop\Works\StartUps\porulyu\porulyu.BotSender\Services\OperationsKolesa.cs:строка 336
   в porulyu.BotSender.Services.OperationsKolesa.GetDataAd(String link, Int64 ChatId) в C:\Users\thedr\Desktop\Works\StartUps\porulyu\porulyu.BotSender\Services\OperationsKolesa.cs:строка 277
   --- Конец трассировки внутреннего стека исключений ---
   в porulyu.BotSender.Services.OperationsKolesa.GetDataAd(String link, Int64 ChatId) в C:\Users\thedr\Desktop\Works\StartUps\porulyu\porulyu.BotSender\Services\OperationsKolesa.cs:строка 304
   в porulyu.BotSender.Services.OperationsKolesa.GetNewAds(Filter filter, Ad lastAd, Int64 ChatId) в C:\Users\thedr\Desktop\Works\StartUps\porulyu\porulyu.BotSender\Services\OperationsKolesa.cs:строка 147
   --- Конец трассировки внутреннего стека исключений ---
   в porulyu.BotSender.Services.OperationsKolesa.GetNewAds(Filter filter, Ad lastAd, Int64 ChatId) в C:\Users\thedr\Desktop\Works\StartUps\porulyu\porulyu.BotSender\Services\OperationsKolesa.cs:строка 160
   в porulyu.BotSender.Services.Tasker.<Timer_Elapsed>d__14.MoveNext() в C:\Users\thedr\Desktop\Works\StartUps\porulyu\porulyu.BotSender\Services\Tasker.cs:строка 96
[2021-06-21 18:26:01.5037] [ERROR] Ошибка пользователя с ID 445101545
[2021-06-21 18:26:01.5037] [ERROR] System.Exception: Страница поиска не найдена ---> System.Exception: Страница поиска не найдена
   в porulyu.BotSender.Services.OperationsKolesa.GetNewAds(Filter filter, Ad lastAd, Int64 ChatId) в C:\Users\thedr\Desktop\Works\StartUps\porulyu\porulyu.BotSender\Services\OperationsKolesa.cs:строка 155
   --- Конец трассировки внутреннего стека исключений ---
   в porulyu.BotSender.Services.OperationsKolesa.GetNewAds(Filter filter, Ad lastAd, Int64 ChatId) в C:\Users\thedr\Desktop\Works\StartUps\porulyu\porulyu.BotSender\Services\OperationsKolesa.cs:строка 160
   в porulyu.BotSender.Services.Tasker.<Timer_Elapsed>d__14.MoveNext() в C:\Users\thedr\Desktop\Works\StartUps\porulyu\porulyu.BotSender\Services\Tasker.cs:строка 96
[2021-06-21 18:28:43.6158] [ERROR] Ошибка пользователя с ID 305613360
[2021-06-21 18:28:43.6158] [ERROR] System.Exception: Страница объявления не найдена ---> System.Exception: Страница объявления не найдена ---> System.Exception: Страница объявления не найдена
   в porulyu.BotSender.Services.OperationsKolesa.GetDataAd(String link, Int64 ChatId) в C:\Users\thedr\Desktop\Works\StartUps\porulyu\porulyu.BotSender\Services\OperationsKolesa.cs:строка 299
   --- Конец трассировки внутреннего стека исключений ---
   в porulyu.BotSender.Services.OperationsKolesa.GetDataAd(String link, Int64 ChatId) в C:\Users\thedr\Desktop\Works\StartUps\porulyu\porulyu.BotSender\Services\OperationsKolesa.cs:строка 304
   в porulyu.BotSender.Services.OperationsKolesa.GetNewAds(Filter filter, Ad lastAd, Int64 ChatId) в C:\Users\thedr\Desktop\Works\StartUps\porulyu\porulyu.BotSender\Services\OperationsKolesa.cs:строка 140
   --- Конец трассировки внутреннего стека исключений ---
   в porulyu.BotSender.Services.OperationsKolesa.GetNewAds(Filter filter, Ad lastAd, Int64 ChatId) в C:\Users\thedr\Desktop\Works\StartUps\porulyu\porulyu.BotSender\Services\OperationsKolesa.cs:строка 160
   в porulyu.BotSender.Services.Tasker.<Timer_Elapsed>d__14.MoveNext() в C:\Users\thedr\Desktop\Works\StartUps\porulyu\porulyu.BotSender\Services\Tasker.cs:строка 96
[2021-06-21 18:34:30.5350] [ERROR] Ошибка пользователя с ID 445101545
[2021-06-21 18:34:30.5350] [ERROR] System.Exception: Страница поиска не найдена ---> System.Exception: Страница поиска не найдена
   в porulyu.BotSender.Services.OperationsKolesa.GetNewAds(Filter filter, Ad lastAd, Int64 ChatId) в C:\Users\thedr\Desktop\Works\StartUps\porulyu\porulyu.BotSender\Services\OperationsKolesa.cs:строка 155
   --- Конец трассировки внутреннего стека исключений ---
   в porulyu.BotSender.Services.OperationsKolesa.GetNewAds(Filter filter, Ad lastAd, Int64 ChatId) в C:\Users\thedr\Desktop\Works\StartUps\porulyu\porulyu.BotSender\Services\OperationsKolesa.cs:строка 160
   в porulyu.BotSender.Services.Tasker.<Timer_Elapsed>d__14.MoveNext() в C:\Users\thedr\Desktop\Works\StartUps\porulyu\porulyu.BotSender\Services\Tasker.cs:строка 96
[2021-06-21 18:41:43.7835] [ERROR] Ошибка пользователя с ID 305613360
[2021-06-21 18:41:43.7835] [ERROR] System.Exception: Страница поиска не найдена ---> System.Exception: Страница поиска не найдена
   в porulyu.BotSender.Services.OperationsKolesa.GetNewAds(Filter filter, Ad lastAd, Int64 ChatId) в C:\Users\thedr\Desktop\Works\StartUps\porulyu\porulyu.BotSender\Services\OperationsKolesa.cs:строка 155
   --- Конец трассировки внутреннего стека исключений ---
   в porulyu.BotSender.Services.OperationsKolesa.GetNewAds(Filter filter, Ad lastAd, Int64 ChatId) в C:\Users\thedr\Desktop\Works\StartUps\porulyu\porulyu.BotSender\Services\OperationsKolesa.cs:строка 160
   в porulyu.BotSender.Services.Tasker.<Timer_Elapsed>d__14.MoveNext() в C:\Users\thedr\Desktop\Works\StartUps\porulyu\porulyu.BotSender\Services\Tasker.cs:строка 96
