[2021-06-28 17:28:08.7083] [ERROR] Недопустимое имя столбца "LastIdAdAster".
Недопустимое имя столбца "LastIdAdKolesa".
Недопустимое имя столбца "LastIdAdMyCar".
Недопустимое имя столбца "LastIdAdOLX".
[2021-06-28 17:28:09.5352] [ERROR] Пользователь:305613360 Ошибка:Недопустимое имя столбца "LastIdAdAster".
Недопустимое имя столбца "LastIdAdKolesa".
Недопустимое имя столбца "LastIdAdMyCar".
Недопустимое имя столбца "LastIdAdOLX".
[2021-06-28 17:28:18.8032] [ERROR] Недопустимое имя столбца "LastIdAdAster".
Недопустимое имя столбца "LastIdAdKolesa".
Недопустимое имя столбца "LastIdAdMyCar".
Недопустимое имя столбца "LastIdAdOLX".
[2021-06-28 17:28:23.7361] [ERROR] Пользователь:305613360 Ошибка:Недопустимое имя столбца "LastIdAdAster".
Недопустимое имя столбца "LastIdAdKolesa".
Недопустимое имя столбца "LastIdAdMyCar".
Недопустимое имя столбца "LastIdAdOLX".
[2021-06-28 17:28:28.8730] [ERROR] Недопустимое имя столбца "LastIdAdAster".
Недопустимое имя столбца "LastIdAdKolesa".
Недопустимое имя столбца "LastIdAdMyCar".
Недопустимое имя столбца "LastIdAdOLX".
[2021-06-28 17:28:39.0164] [ERROR] Недопустимое имя столбца "LastIdAdAster".
Недопустимое имя столбца "LastIdAdKolesa".
Недопустимое имя столбца "LastIdAdMyCar".
Недопустимое имя столбца "LastIdAdOLX".
[2021-06-28 17:28:49.1021] [ERROR] Недопустимое имя столбца "LastIdAdAster".
Недопустимое имя столбца "LastIdAdKolesa".
Недопустимое имя столбца "LastIdAdMyCar".
Недопустимое имя столбца "LastIdAdOLX".
[2021-06-28 17:28:59.1240] [ERROR] Недопустимое имя столбца "LastIdAdAster".
Недопустимое имя столбца "LastIdAdKolesa".
Недопустимое имя столбца "LastIdAdMyCar".
Недопустимое имя столбца "LastIdAdOLX".
[2021-06-28 17:29:09.1467] [ERROR] Недопустимое имя столбца "LastIdAdAster".
Недопустимое имя столбца "LastIdAdKolesa".
Недопустимое имя столбца "LastIdAdMyCar".
Недопустимое имя столбца "LastIdAdOLX".
[2021-06-28 17:29:19.2143] [ERROR] Недопустимое имя столбца "LastIdAdAster".
Недопустимое имя столбца "LastIdAdKolesa".
Недопустимое имя столбца "LastIdAdMyCar".
Недопустимое имя столбца "LastIdAdOLX".
