[2021-06-21 15:56:59.4032] [ERROR] Telegram.Bot.Exceptions.ApiRequestException: Bad Request: message to delete not found
   в Telegram.Bot.TelegramBotClient.<MakeRequestAsync>d__54`1.MoveNext()
--- Конец трассировка стека из предыдущего расположения, где возникло исключение ---
   в System.Runtime.CompilerServices.TaskAwaiter.ThrowForNonSuccess(Task task)
   в System.Runtime.CompilerServices.TaskAwaiter.HandleNonSuccessAndDebuggerNotification(Task task)
   в System.Runtime.CompilerServices.TaskAwaiter.GetResult()
   в porulyu.BotMain.Services.OperationsBot.<DeleteMessage>d__52.MoveNext() в C:\Users\thedr\Desktop\Works\StartUps\porulyu\porulyu.BotMain\Services\OperationsBot.cs:строка 1877
[2021-06-21 16:40:44.0877] [ERROR] Telegram.Bot.Exceptions.ApiRequestException: Bad Request: message to delete not found
   в Telegram.Bot.TelegramBotClient.<MakeRequestAsync>d__54`1.MoveNext()
--- Конец трассировка стека из предыдущего расположения, где возникло исключение ---
   в System.Runtime.CompilerServices.TaskAwaiter.ThrowForNonSuccess(Task task)
   в System.Runtime.CompilerServices.TaskAwaiter.HandleNonSuccessAndDebuggerNotification(Task task)
   в System.Runtime.CompilerServices.TaskAwaiter.GetResult()
   в porulyu.BotMain.Services.OperationsBot.<DeleteMessage>d__52.MoveNext() в C:\Users\thedr\Desktop\Works\StartUps\porulyu\porulyu.BotMain\Services\OperationsBot.cs:строка 1877
[2021-06-21 16:51:33.1666] [ERROR] Пользователь:305613360 Ошибка:Недопустимый URI-адрес: Слишком длинная строка URI.
[2021-06-21 16:51:42.7201] [ERROR] Пользователь:305613360 Ошибка:Недопустимый URI-адрес: Слишком длинная строка URI.
[2021-06-21 17:15:03.0489] [ERROR] Пользователь:305613360 Ошибка:Bad Request: can't parse entities: Unsupported start tag "br" at byte offset 64
[2021-06-21 17:23:53.8311] [ERROR] Telegram.Bot.Exceptions.ApiRequestException: Bad Request: message to delete not found
   в Telegram.Bot.TelegramBotClient.<MakeRequestAsync>d__54`1.MoveNext()
--- Конец трассировка стека из предыдущего расположения, где возникло исключение ---
   в System.Runtime.CompilerServices.TaskAwaiter.ThrowForNonSuccess(Task task)
   в System.Runtime.CompilerServices.TaskAwaiter.HandleNonSuccessAndDebuggerNotification(Task task)
   в System.Runtime.CompilerServices.TaskAwaiter.GetResult()
   в porulyu.BotMain.Services.OperationsBot.<DeleteMessage>d__52.MoveNext() в C:\Users\thedr\Desktop\Works\StartUps\porulyu\porulyu.BotMain\Services\OperationsBot.cs:строка 1877
[2021-06-21 17:23:59.8293] [ERROR] Пользователь:305613360 Ошибка:Значение счетчика не может быть меньше нуля.
Имя параметра: count
[2021-06-21 17:27:20.0480] [ERROR] Пользователь:305613360 Ошибка:Значение счетчика не может быть меньше нуля.
Имя параметра: count
[2021-06-21 17:29:54.5497] [ERROR] Пользователь:305613360 Ошибка:Значение счетчика не может быть меньше нуля.
Имя параметра: count
[2021-06-21 17:31:02.7889] [ERROR] Пользователь:305613360 Ошибка:Значение счетчика не может быть меньше нуля.
Имя параметра: count
[2021-06-21 17:33:55.5460] [ERROR] Telegram.Bot.Exceptions.ApiRequestException: Bad Request: message to delete not found
   в Telegram.Bot.TelegramBotClient.<MakeRequestAsync>d__54`1.MoveNext()
--- Конец трассировка стека из предыдущего расположения, где возникло исключение ---
   в System.Runtime.CompilerServices.TaskAwaiter.ThrowForNonSuccess(Task task)
   в System.Runtime.CompilerServices.TaskAwaiter.HandleNonSuccessAndDebuggerNotification(Task task)
   в System.Runtime.CompilerServices.TaskAwaiter.GetResult()
   в porulyu.BotMain.Services.OperationsBot.<DeleteMessage>d__52.MoveNext() в C:\Users\thedr\Desktop\Works\StartUps\porulyu\porulyu.BotMain\Services\OperationsBot.cs:строка 1877
[2021-06-21 17:38:04.3299] [ERROR] Telegram.Bot.Exceptions.ApiRequestException: Bad Request: message to delete not found
   в Telegram.Bot.TelegramBotClient.<MakeRequestAsync>d__54`1.MoveNext()
--- Конец трассировка стека из предыдущего расположения, где возникло исключение ---
   в System.Runtime.CompilerServices.TaskAwaiter.ThrowForNonSuccess(Task task)
   в System.Runtime.CompilerServices.TaskAwaiter.HandleNonSuccessAndDebuggerNotification(Task task)
   в System.Runtime.CompilerServices.TaskAwaiter.GetResult()
   в porulyu.BotMain.Services.OperationsBot.<DeleteMessage>d__52.MoveNext() в C:\Users\thedr\Desktop\Works\StartUps\porulyu\porulyu.BotMain\Services\OperationsBot.cs:строка 1877
[2021-06-21 17:50:31.7034] [ERROR] Пользователь:305613360 Ошибка:Последовательность не содержит элементов
[2021-06-21 17:53:41.4170] [ERROR] 408: Request timed out
[2021-06-21 17:53:42.3379] [ERROR] Пользователь:305613360 Ошибка:Последовательность не содержит элементов
[2021-06-21 17:58:38.1229] [ERROR] Пользователь:305613360 Ошибка:Последовательность не содержит элементов
[2021-06-21 18:10:38.8649] [ERROR] Telegram.Bot.Exceptions.ApiRequestException: Bad Request: message to delete not found
   в Telegram.Bot.TelegramBotClient.<MakeRequestAsync>d__54`1.MoveNext()
--- Конец трассировка стека из предыдущего расположения, где возникло исключение ---
   в System.Runtime.CompilerServices.TaskAwaiter.ThrowForNonSuccess(Task task)
   в System.Runtime.CompilerServices.TaskAwaiter.HandleNonSuccessAndDebuggerNotification(Task task)
   в System.Runtime.CompilerServices.TaskAwaiter.GetResult()
   в porulyu.BotMain.Services.OperationsBot.<DeleteMessage>d__52.MoveNext() в C:\Users\thedr\Desktop\Works\StartUps\porulyu\porulyu.BotMain\Services\OperationsBot.cs:строка 1877
[2021-06-21 19:34:24.5245] [ERROR] System.NullReferenceException: Ссылка на объект не указывает на экземпляр объекта.
   в porulyu.BotMain.Services.OperationsBot.<BotOnCallbackQueryReceived>d__8.MoveNext() в C:\Users\thedr\Desktop\Works\StartUps\porulyu\porulyu.BotMain\Services\OperationsBot.cs:строка 184
[2021-06-21 19:34:51.6345] [ERROR] Пользователь:445101545 Ошибка:Недопустимый URI: Невозможно определить формат URI.
[2021-06-21 19:35:02.0059] [ERROR] Пользователь:445101545 Ошибка:Недопустимый URI: Невозможно определить формат URI.
[2021-06-21 19:35:10.7215] [ERROR] Пользователь:445101545 Ошибка:Недопустимый URI: Невозможно определить формат URI.
[2021-06-21 19:45:13.4423] [ERROR] Пользователь:305613360 Ошибка:Недопустимый URI: Невозможно определить формат URI.
[2021-06-21 19:45:18.7346] [ERROR] Пользователь:305613360 Ошибка:Недопустимый URI: Невозможно определить формат URI.
[2021-06-21 22:14:07.1891] [ERROR] Пользователь:445101545 Ошибка:Недопустимый URI: Невозможно определить формат URI.
